\BOOKMARK [0][-]{chapter.1}{\376\377\0001\000\040\000l\000c\000d\000-\000k\000e\000r\000n\000e\000l\000-\000d\000r\000i\000v\000e\000r}{}% 1
\BOOKMARK [0][-]{chapter.2}{\376\377\0002\000\040\000F\000i\000l\000e\000\040\000I\000n\000d\000e\000x}{}% 2
\BOOKMARK [1][-]{section.2.1}{\376\377\0002\000.\0001\000\040\000F\000i\000l\000e\000\040\000L\000i\000s\000t}{chapter.2}% 3
\BOOKMARK [0][-]{chapter.3}{\376\377\0003\000\040\000F\000i\000l\000e\000\040\000D\000o\000c\000u\000m\000e\000n\000t\000a\000t\000i\000o\000n}{}% 4
\BOOKMARK [1][-]{section.3.1}{\376\377\0003\000.\0001\000\040\000/\000h\000o\000m\000e\000/\000p\000i\000/\000S\000y\000s\000P\000r\000o\000g\000/\000l\000c\000d\000-\000d\000r\000i\000v\000e\000r\000/\000h\000d\0004\0004\0007\0008\0000\000.\000c\000\040\000F\000i\000l\000e\000\040\000R\000e\000f\000e\000r\000e\000n\000c\000e}{chapter.3}% 5
\BOOKMARK [2][-]{subsection.3.1.1}{\376\377\0003\000.\0001\000.\0001\000\040\000D\000e\000t\000a\000i\000l\000e\000d\000\040\000D\000e\000s\000c\000r\000i\000p\000t\000i\000o\000n}{section.3.1}% 6
\BOOKMARK [2][-]{subsection.3.1.2}{\376\377\0003\000.\0001\000.\0002\000\040\000F\000u\000n\000c\000t\000i\000o\000n\000\040\000D\000o\000c\000u\000m\000e\000n\000t\000a\000t\000i\000o\000n}{section.3.1}% 7
\BOOKMARK [3][-]{subsubsection.3.1.2.1}{\376\377\0003\000.\0001\000.\0002\000.\0001\000\040\000d\000e\000v\000\137\000o\000p\000e\000n}{subsection.3.1.2}% 8
\BOOKMARK [3][-]{subsubsection.3.1.2.2}{\376\377\0003\000.\0001\000.\0002\000.\0002\000\040\000d\000e\000v\000\137\000r\000e\000l\000e\000a\000s\000e}{subsection.3.1.2}% 9
\BOOKMARK [3][-]{subsubsection.3.1.2.3}{\376\377\0003\000.\0001\000.\0002\000.\0003\000\040\000d\000e\000v\000\137\000w\000r\000i\000t\000e}{subsection.3.1.2}% 10
\BOOKMARK [3][-]{subsubsection.3.1.2.4}{\376\377\0003\000.\0001\000.\0002\000.\0004\000\040\000e\000x\000i\000t\000\137\000d\000i\000s\000p\000l\000a\000y}{subsection.3.1.2}% 11
\BOOKMARK [3][-]{subsubsection.3.1.2.5}{\376\377\0003\000.\0001\000.\0002\000.\0005\000\040\000g\000p\000i\000o\000\137\000r\000e\000q\000u\000e\000s\000t\000\137\000o\000u\000t\000p\000u\000t}{subsection.3.1.2}% 12
\BOOKMARK [3][-]{subsubsection.3.1.2.6}{\376\377\0003\000.\0001\000.\0002\000.\0006\000\040\000i\000n\000i\000t\000\137\000d\000i\000s\000p\000l\000a\000y}{subsection.3.1.2}% 13
\BOOKMARK [3][-]{subsubsection.3.1.2.7}{\376\377\0003\000.\0001\000.\0002\000.\0007\000\040\000m\000o\000d\000\137\000e\000x\000i\000t}{subsection.3.1.2}% 14
\BOOKMARK [3][-]{subsubsection.3.1.2.8}{\376\377\0003\000.\0001\000.\0002\000.\0008\000\040\000m\000o\000d\000\137\000i\000n\000i\000t}{subsection.3.1.2}% 15
\BOOKMARK [3][-]{subsubsection.3.1.2.9}{\376\377\0003\000.\0001\000.\0002\000.\0009\000\040\000M\000O\000D\000U\000L\000E\000\137\000A\000U\000T\000H\000O\000R}{subsection.3.1.2}% 16
\BOOKMARK [3][-]{subsubsection.3.1.2.10}{\376\377\0003\000.\0001\000.\0002\000.\0001\0000\000\040\000M\000O\000D\000U\000L\000E\000\137\000D\000E\000S\000C\000R\000I\000P\000T\000I\000O\000N}{subsection.3.1.2}% 17
\BOOKMARK [3][-]{subsubsection.3.1.2.11}{\376\377\0003\000.\0001\000.\0002\000.\0001\0001\000\040\000m\000o\000d\000u\000l\000e\000\137\000e\000x\000i\000t}{subsection.3.1.2}% 18
\BOOKMARK [3][-]{subsubsection.3.1.2.12}{\376\377\0003\000.\0001\000.\0002\000.\0001\0002\000\040\000m\000o\000d\000u\000l\000e\000\137\000i\000n\000i\000t}{subsection.3.1.2}% 19
\BOOKMARK [3][-]{subsubsection.3.1.2.13}{\376\377\0003\000.\0001\000.\0002\000.\0001\0003\000\040\000M\000O\000D\000U\000L\000E\000\137\000L\000I\000C\000E\000N\000S\000E}{subsection.3.1.2}% 20
\BOOKMARK [3][-]{subsubsection.3.1.2.14}{\376\377\0003\000.\0001\000.\0002\000.\0001\0004\000\040\000m\000o\000d\000u\000l\000e\000\137\000p\000a\000r\000a\000m}{subsection.3.1.2}% 21
\BOOKMARK [3][-]{subsubsection.3.1.2.15}{\376\377\0003\000.\0001\000.\0002\000.\0001\0005\000\040\000m\000o\000d\000u\000l\000e\000\137\000p\000a\000r\000a\000m}{subsection.3.1.2}% 22
\BOOKMARK [3][-]{subsubsection.3.1.2.16}{\376\377\0003\000.\0001\000.\0002\000.\0001\0006\000\040\000M\000O\000D\000U\000L\000E\000\137\000V\000E\000R\000S\000I\000O\000N}{subsection.3.1.2}% 23
\BOOKMARK [3][-]{subsubsection.3.1.2.17}{\376\377\0003\000.\0001\000.\0002\000.\0001\0007\000\040\000w\000r\000i\000t\000e\000\137\000l\000c\000d}{subsection.3.1.2}% 24
\BOOKMARK [3][-]{subsubsection.3.1.2.18}{\376\377\0003\000.\0001\000.\0002\000.\0001\0008\000\040\000w\000r\000i\000t\000e\000\137\000n\000i\000b\000b\000l\000e}{subsection.3.1.2}% 25
\BOOKMARK [2][-]{subsection.3.1.3}{\376\377\0003\000.\0001\000.\0003\000\040\000V\000a\000r\000i\000a\000b\000l\000e\000\040\000D\000o\000c\000u\000m\000e\000n\000t\000a\000t\000i\000o\000n}{section.3.1}% 26
\BOOKMARK [3][-]{subsubsection.3.1.3.1}{\376\377\0003\000.\0001\000.\0003\000.\0001\000\040\000c\000o\000u\000n\000t}{subsection.3.1.3}% 27
\BOOKMARK [3][-]{subsubsection.3.1.3.2}{\376\377\0003\000.\0001\000.\0003\000.\0002\000\040\000d\000e\000v}{subsection.3.1.3}% 28
\BOOKMARK [3][-]{subsubsection.3.1.3.3}{\376\377\0003\000.\0001\000.\0003\000.\0003\000\040\000d\000e\000v\000\137\000c\000n\000t}{subsection.3.1.3}% 29
\BOOKMARK [3][-]{subsubsection.3.1.3.4}{\376\377\0003\000.\0001\000.\0003\000.\0004\000\040\000d\000r\000i\000v\000e\000r\000\137\000o\000b\000j\000e\000c\000t}{subsection.3.1.3}% 30
\BOOKMARK [3][-]{subsubsection.3.1.3.5}{\376\377\0003\000.\0001\000.\0003\000.\0005\000\040\000f\000o\000p\000s}{subsection.3.1.3}% 31
\BOOKMARK [3][-]{subsubsection.3.1.3.6}{\376\377\0003\000.\0001\000.\0003\000.\0006\000\040\000h\000d\0004\0004\0007\0008\0000\000\137\000c\000l\000a\000s\000s}{subsection.3.1.3}% 32
\BOOKMARK [3][-]{subsubsection.3.1.3.7}{\376\377\0003\000.\0001\000.\0003\000.\0007\000\040\000h\000d\0004\0004\0007\0008\0000\000\137\000d\000e\000v}{subsection.3.1.3}% 33
\BOOKMARK [3][-]{subsubsection.3.1.3.8}{\376\377\0003\000.\0001\000.\0003\000.\0008\000\040\000m\000a\000j\000o\000r}{subsection.3.1.3}% 34
\BOOKMARK [3][-]{subsubsection.3.1.3.9}{\376\377\0003\000.\0001\000.\0003\000.\0009\000\040\000m\000i\000n\000o\000r}{subsection.3.1.3}% 35
\BOOKMARK [3][-]{subsubsection.3.1.3.10}{\376\377\0003\000.\0001\000.\0003\000.\0001\0000\000\040\000t\000e\000x\000t\000b\000u\000f\000f\000e\000r}{subsection.3.1.3}% 36
\BOOKMARK [1][-]{section.3.2}{\376\377\0003\000.\0002\000\040\000/\000h\000o\000m\000e\000/\000p\000i\000/\000S\000y\000s\000P\000r\000o\000g\000/\000l\000c\000d\000-\000d\000r\000i\000v\000e\000r\000/\000h\000d\0004\0004\0007\0008\0000\000.\000m\000o\000d\000.\000c\000\040\000F\000i\000l\000e\000\040\000R\000e\000f\000e\000r\000e\000n\000c\000e}{chapter.3}% 37
\BOOKMARK [2][-]{subsection.3.2.1}{\376\377\0003\000.\0002\000.\0001\000\040\000F\000u\000n\000c\000t\000i\000o\000n\000\040\000D\000o\000c\000u\000m\000e\000n\000t\000a\000t\000i\000o\000n}{section.3.2}% 38
\BOOKMARK [3][-]{subsubsection.3.2.1.1}{\376\377\0003\000.\0002\000.\0001\000.\0001\000\040\000\137\000\137\000a\000t\000t\000r\000i\000b\000u\000t\000e\000\137\000\137}{subsection.3.2.1}% 39
\BOOKMARK [3][-]{subsubsection.3.2.1.2}{\376\377\0003\000.\0002\000.\0001\000.\0002\000\040\000\137\000\137\000a\000t\000t\000r\000i\000b\000u\000t\000e\000\137\000\137}{subsection.3.2.1}% 40
\BOOKMARK [3][-]{subsubsection.3.2.1.3}{\376\377\0003\000.\0002\000.\0001\000.\0003\000\040\000\137\000\137\000a\000t\000t\000r\000i\000b\000u\000t\000e\000\137\000\137}{subsection.3.2.1}% 41
\BOOKMARK [3][-]{subsubsection.3.2.1.4}{\376\377\0003\000.\0002\000.\0001\000.\0004\000\040\000M\000O\000D\000U\000L\000E\000\137\000I\000N\000F\000O}{subsection.3.2.1}% 42
\BOOKMARK [3][-]{subsubsection.3.2.1.5}{\376\377\0003\000.\0002\000.\0001\000.\0005\000\040\000M\000O\000D\000U\000L\000E\000\137\000I\000N\000F\000O}{subsection.3.2.1}% 43
\BOOKMARK [1][-]{section.3.3}{\376\377\0003\000.\0003\000\040\000/\000h\000o\000m\000e\000/\000p\000i\000/\000S\000y\000s\000P\000r\000o\000g\000/\000l\000c\000d\000-\000d\000r\000i\000v\000e\000r\000/\000i\000o\000c\000t\000l\000\137\000h\000e\000a\000d\000e\000r\000.\000h\000\040\000F\000i\000l\000e\000\040\000R\000e\000f\000e\000r\000e\000n\000c\000e}{chapter.3}% 44
\BOOKMARK [2][-]{subsection.3.3.1}{\376\377\0003\000.\0003\000.\0001\000\040\000M\000a\000c\000r\000o\000\040\000D\000e\000f\000i\000n\000i\000t\000i\000o\000n\000\040\000D\000o\000c\000u\000m\000e\000n\000t\000a\000t\000i\000o\000n}{section.3.3}% 45
\BOOKMARK [3][-]{subsubsection.3.3.1.1}{\376\377\0003\000.\0003\000.\0001\000.\0001\000\040\000I\000O\000C\000T\000L}{subsection.3.3.1}% 46
\BOOKMARK [3][-]{subsubsection.3.3.1.2}{\376\377\0003\000.\0003\000.\0001\000.\0002\000\040\000I\000O\000C\000T\000L\000\137\000R\000E\000A\000D}{subsection.3.3.1}% 47
\BOOKMARK [3][-]{subsubsection.3.3.1.3}{\376\377\0003\000.\0003\000.\0001\000.\0003\000\040\000I\000O\000C\000T\000L\000\137\000W\000R\000I\000T\000E}{subsection.3.3.1}% 48
\BOOKMARK [3][-]{subsubsection.3.3.1.4}{\376\377\0003\000.\0003\000.\0001\000.\0004\000\040\000M\000A\000G\000I\000C\000\137\000N\000U\000M}{subsection.3.3.1}% 49
\BOOKMARK [1][-]{section.3.4}{\376\377\0003\000.\0004\000\040\000/\000h\000o\000m\000e\000/\000p\000i\000/\000S\000y\000s\000P\000r\000o\000g\000/\000l\000c\000d\000-\000d\000r\000i\000v\000e\000r\000/\000R\000E\000A\000D\000M\000E\000.\000m\000d\000\040\000F\000i\000l\000e\000\040\000R\000e\000f\000e\000r\000e\000n\000c\000e}{chapter.3}% 50
\BOOKMARK [1][-]{section.3.5}{\376\377\0003\000.\0005\000\040\000/\000h\000o\000m\000e\000/\000p\000i\000/\000S\000y\000s\000P\000r\000o\000g\000/\000l\000c\000d\000-\000d\000r\000i\000v\000e\000r\000/\000u\000s\000r\000-\000l\000c\000d\000-\000c\000o\000n\000t\000r\000o\000l\000.\000c\000\040\000F\000i\000l\000e\000\040\000R\000e\000f\000e\000r\000e\000n\000c\000e}{chapter.3}% 51
\BOOKMARK [2][-]{subsection.3.5.1}{\376\377\0003\000.\0005\000.\0001\000\040\000D\000e\000t\000a\000i\000l\000e\000d\000\040\000D\000e\000s\000c\000r\000i\000p\000t\000i\000o\000n}{section.3.5}% 52
\BOOKMARK [2][-]{subsection.3.5.2}{\376\377\0003\000.\0005\000.\0002\000\040\000F\000u\000n\000c\000t\000i\000o\000n\000\040\000D\000o\000c\000u\000m\000e\000n\000t\000a\000t\000i\000o\000n}{section.3.5}% 53
\BOOKMARK [3][-]{subsubsection.3.5.2.1}{\376\377\0003\000.\0005\000.\0002\000.\0001\000\040\000m\000a\000i\000n}{subsection.3.5.2}% 54
\BOOKMARK [1][-]{section.3.6}{\376\377\0003\000.\0006\000\040\000/\000h\000o\000m\000e\000/\000p\000i\000/\000S\000y\000s\000P\000r\000o\000g\000/\000l\000c\000d\000-\000d\000r\000i\000v\000e\000r\000/\000u\000s\000r\000-\000p\000r\000i\000n\000t\000-\000i\000p\000.\000c\000\040\000F\000i\000l\000e\000\040\000R\000e\000f\000e\000r\000e\000n\000c\000e}{chapter.3}% 55
\BOOKMARK [2][-]{subsection.3.6.1}{\376\377\0003\000.\0006\000.\0001\000\040\000F\000u\000n\000c\000t\000i\000o\000n\000\040\000D\000o\000c\000u\000m\000e\000n\000t\000a\000t\000i\000o\000n}{section.3.6}% 56
\BOOKMARK [3][-]{subsubsection.3.6.1.1}{\376\377\0003\000.\0006\000.\0001\000.\0001\000\040\000m\000a\000i\000n}{subsection.3.6.1}% 57
